  Player.cpp
c:\users\ivan\documents\visual studio 2015\projects\agar2\agar2\vec.h(117): warning C4244: 'argument': conversion from 'int' to 'float', possible loss of data
c:\users\ivan\documents\visual studio 2015\projects\agar2\agar2\cell.h(52): warning C4244: 'return': conversion from 'double' to 'float', possible loss of data
c:\users\ivan\documents\visual studio 2015\projects\agar2\agar2\player.cpp(102): warning C4018: '<': signed/unsigned mismatch
c:\users\ivan\documents\visual studio 2015\projects\agar2\agar2\player.cpp(125): warning C4018: '<': signed/unsigned mismatch
c:\users\ivan\documents\visual studio 2015\projects\agar2\agar2\player.cpp(129): warning C4018: '<': signed/unsigned mismatch
c:\users\ivan\documents\visual studio 2015\projects\agar2\agar2\player.cpp(151): warning C4305: 'initializing': truncation from 'double' to 'float'
c:\users\ivan\documents\visual studio 2015\projects\agar2\agar2\player.cpp(162): warning C4305: 'argument': truncation from 'double' to 'float'
c:\users\ivan\documents\visual studio 2015\projects\agar2\agar2\player.cpp(163): warning C4305: 'argument': truncation from 'double' to 'const float'
c:\users\ivan\documents\visual studio 2015\projects\agar2\agar2\player.cpp(181): warning C4244: 'initializing': conversion from 'float' to 'uint32_t', possible loss of data
c:\users\ivan\documents\visual studio 2015\projects\agar2\agar2\player.cpp(227): warning C4018: '<': signed/unsigned mismatch
c:\users\ivan\documents\visual studio 2015\projects\agar2\agar2\player.cpp(231): warning C4018: '<': signed/unsigned mismatch
c:\users\ivan\documents\visual studio 2015\projects\agar2\agar2\player.cpp(305): warning C4018: '<': signed/unsigned mismatch
c:\users\ivan\documents\visual studio 2015\projects\agar2\agar2\player.cpp(309): warning C4018: '<': signed/unsigned mismatch
c:\users\ivan\documents\visual studio 2015\projects\agar2\agar2\player.cpp(408): warning C4018: '<': signed/unsigned mismatch
c:\users\ivan\documents\visual studio 2015\projects\agar2\agar2\player.cpp(508): warning C4244: 'argument': conversion from 'double' to 'float', possible loss of data
c:\users\ivan\documents\visual studio 2015\projects\agar2\agar2\player.cpp(509): warning C4244: 'argument': conversion from 'double' to 'float', possible loss of data
c:\users\ivan\documents\visual studio 2015\projects\agar2\agar2\player.cpp(538): warning C4305: 'initializing': truncation from 'double' to 'float'
c:\users\ivan\documents\visual studio 2015\projects\agar2\agar2\player.cpp(539): warning C4244: 'argument': conversion from 'double' to 'const float', possible loss of data
c:\users\ivan\documents\visual studio 2015\projects\agar2\agar2\player.cpp(676): warning C4018: '<': signed/unsigned mismatch
  libuv.lib(handle.obj) : MSIL .netmodule or module compiled with /GL found; restarting link with /LTCG; add /LTCG to the link command line to improve linker performance
LINK : warning LNK4075: ignoring '/INCREMENTAL' due to '/LTCG' specification
Cell.obj : warning LNK4075: ignoring '/EDITANDCONTINUE' due to '/OPT:LBR' specification
LINK : warning LNK4098: defaultlib 'MSVCRT' conflicts with use of other libs; use /NODEFAULTLIB:library
  Generating code
  Finished generating code
  agar2.vcxproj -> C:\Users\Ivan\documents\visual studio 2015\Projects\agar2\Debug\agar2.exe
  agar2.vcxproj -> C:\Users\Ivan\documents\visual studio 2015\Projects\agar2\Debug\agar2.pdb (Full PDB)
