c:\users\ivan\documents\visual studio 2015\projects\agar2\agar2\debug\vc140.pdb
c:\users\ivan\documents\visual studio 2015\projects\agar2\agar2\debug\vc140.idb
c:\users\ivan\documents\visual studio 2015\projects\agar2\agar2\debug\cell.obj
c:\users\ivan\documents\visual studio 2015\projects\agar2\agar2\debug\color.obj
c:\users\ivan\documents\visual studio 2015\projects\agar2\agar2\debug\game.obj
c:\users\ivan\documents\visual studio 2015\projects\agar2\agar2\debug\map.obj
c:\users\ivan\documents\visual studio 2015\projects\agar2\agar2\debug\message.obj
c:\users\ivan\documents\visual studio 2015\projects\agar2\agar2\debug\player.obj
c:\users\ivan\documents\visual studio 2015\projects\agar2\agar2\debug\vec.obj
c:\users\ivan\documents\visual studio 2015\projects\agar2\agar2\debug\ws_cococs_server_main.obj
c:\users\ivan\documents\visual studio 2015\projects\agar2\agar2\debug\cjson.obj
c:\users\ivan\documents\visual studio 2015\projects\agar2\agar2\debug\cjson_utils.obj
c:\users\ivan\documents\visual studio 2015\projects\agar2\debug\agar2.exe
c:\users\ivan\documents\visual studio 2015\projects\agar2\debug\agar2.pdb
c:\users\ivan\documents\visual studio 2015\projects\agar2\agar2\debug\agar2.tlog\cl.command.1.tlog
c:\users\ivan\documents\visual studio 2015\projects\agar2\agar2\debug\agar2.tlog\cl.read.1.tlog
c:\users\ivan\documents\visual studio 2015\projects\agar2\agar2\debug\agar2.tlog\cl.write.1.tlog
c:\users\ivan\documents\visual studio 2015\projects\agar2\agar2\debug\agar2.tlog\link.command.1.tlog
c:\users\ivan\documents\visual studio 2015\projects\agar2\agar2\debug\agar2.tlog\link.read.1.tlog
c:\users\ivan\documents\visual studio 2015\projects\agar2\agar2\debug\agar2.tlog\link.write.1.tlog
