c:\users\ivan\documents\visual studio 2015\projects\agar2\agar2\release\vc140.pdb
c:\users\ivan\documents\visual studio 2015\projects\agar2\agar2\release\ws_cococs_server_main.obj
c:\users\ivan\documents\visual studio 2015\projects\agar2\agar2\release\vec.obj
c:\users\ivan\documents\visual studio 2015\projects\agar2\agar2\release\player.obj
c:\users\ivan\documents\visual studio 2015\projects\agar2\agar2\release\message.obj
c:\users\ivan\documents\visual studio 2015\projects\agar2\agar2\release\map.obj
c:\users\ivan\documents\visual studio 2015\projects\agar2\agar2\release\game.obj
c:\users\ivan\documents\visual studio 2015\projects\agar2\agar2\release\color.obj
c:\users\ivan\documents\visual studio 2015\projects\agar2\agar2\release\cell.obj
c:\users\ivan\documents\visual studio 2015\projects\agar2\agar2\release\cjson_utils.obj
c:\users\ivan\documents\visual studio 2015\projects\agar2\agar2\release\cjson.obj
c:\users\ivan\documents\visual studio 2015\projects\agar2\release\agar2.exe
c:\users\ivan\documents\visual studio 2015\projects\agar2\release\agar2.ipdb
c:\users\ivan\documents\visual studio 2015\projects\agar2\release\agar2.iobj
c:\users\ivan\documents\visual studio 2015\projects\agar2\release\agar2.pdb
c:\users\ivan\documents\visual studio 2015\projects\agar2\agar2\release\agar2.tlog\cl.command.1.tlog
c:\users\ivan\documents\visual studio 2015\projects\agar2\agar2\release\agar2.tlog\cl.read.1.tlog
c:\users\ivan\documents\visual studio 2015\projects\agar2\agar2\release\agar2.tlog\cl.write.1.tlog
c:\users\ivan\documents\visual studio 2015\projects\agar2\agar2\release\agar2.tlog\link.command.1.tlog
c:\users\ivan\documents\visual studio 2015\projects\agar2\agar2\release\agar2.tlog\link.read.1.tlog
c:\users\ivan\documents\visual studio 2015\projects\agar2\agar2\release\agar2.tlog\link.write.1.tlog
